Performing C SOURCE FILE Test CMAKE_HAVE_LIBC_PTHREAD failed with the following output:
Change Dir: /home/abdulaziz/playground/NBV-net/view_planning/build/CMakeFiles/CMakeTmp

Run Build Command(s):/usr/bin/make -f Makefile cmTC_8005f/fast && /usr/bin/make  -f CMakeFiles/cmTC_8005f.dir/build.make CMakeFiles/cmTC_8005f.dir/build
make[1]: Entering directory '/home/abdulaziz/playground/NBV-net/view_planning/build/CMakeFiles/CMakeTmp'
Building C object CMakeFiles/cmTC_8005f.dir/src.c.o
/usr/bin/cc -DCMAKE_HAVE_LIBC_PTHREAD   -o CMakeFiles/cmTC_8005f.dir/src.c.o -c /home/abdulaziz/playground/NBV-net/view_planning/build/CMakeFiles/CMakeTmp/src.c
Linking C executable cmTC_8005f
/home/abdulaziz/cmake-install/bin/cmake -E cmake_link_script CMakeFiles/cmTC_8005f.dir/link.txt --verbose=1
/usr/bin/cc -Wl,-Bsymbolic-functions -Wl,-z,relro -Wl,-z,now -Wl,--as-needed  CMakeFiles/cmTC_8005f.dir/src.c.o -o cmTC_8005f 
CMakeFiles/cmTC_8005f.dir/src.c.o: In function `main':
src.c:(.text+0x3e): undefined reference to `pthread_create'
src.c:(.text+0x4a): undefined reference to `pthread_detach'
src.c:(.text+0x56): undefined reference to `pthread_cancel'
src.c:(.text+0x67): undefined reference to `pthread_join'
src.c:(.text+0x7b): undefined reference to `pthread_atfork'
collect2: error: ld returned 1 exit status
CMakeFiles/cmTC_8005f.dir/build.make:98: recipe for target 'cmTC_8005f' failed
make[1]: *** [cmTC_8005f] Error 1
make[1]: Leaving directory '/home/abdulaziz/playground/NBV-net/view_planning/build/CMakeFiles/CMakeTmp'
Makefile:127: recipe for target 'cmTC_8005f/fast' failed
make: *** [cmTC_8005f/fast] Error 2


Source file was:
#include <pthread.h>

static void* test_func(void* data)
{
  return data;
}

int main(void)
{
  pthread_t thread;
  pthread_create(&thread, NULL, test_func, NULL);
  pthread_detach(thread);
  pthread_cancel(thread);
  pthread_join(thread, NULL);
  pthread_atfork(NULL, NULL, NULL);
  pthread_exit(NULL);

  return 0;
}

Determining if the function pthread_create exists in the pthreads failed with the following output:
Change Dir: /home/abdulaziz/playground/NBV-net/view_planning/build/CMakeFiles/CMakeTmp

Run Build Command(s):/usr/bin/make -f Makefile cmTC_ccb87/fast && /usr/bin/make  -f CMakeFiles/cmTC_ccb87.dir/build.make CMakeFiles/cmTC_ccb87.dir/build
make[1]: Entering directory '/home/abdulaziz/playground/NBV-net/view_planning/build/CMakeFiles/CMakeTmp'
Building C object CMakeFiles/cmTC_ccb87.dir/CheckFunctionExists.c.o
/usr/bin/cc   -DCHECK_FUNCTION_EXISTS=pthread_create -o CMakeFiles/cmTC_ccb87.dir/CheckFunctionExists.c.o -c /home/abdulaziz/cmake-install/share/cmake-3.20/Modules/CheckFunctionExists.c
Linking C executable cmTC_ccb87
/home/abdulaziz/cmake-install/bin/cmake -E cmake_link_script CMakeFiles/cmTC_ccb87.dir/link.txt --verbose=1
/usr/bin/cc  -DCHECK_FUNCTION_EXISTS=pthread_create -Wl,-Bsymbolic-functions -Wl,-z,relro -Wl,-z,now -Wl,--as-needed  CMakeFiles/cmTC_ccb87.dir/CheckFunctionExists.c.o -o cmTC_ccb87  -lpthreads 
/usr/bin/ld: cannot find -lpthreads
collect2: error: ld returned 1 exit status
CMakeFiles/cmTC_ccb87.dir/build.make:98: recipe for target 'cmTC_ccb87' failed
make[1]: *** [cmTC_ccb87] Error 1
make[1]: Leaving directory '/home/abdulaziz/playground/NBV-net/view_planning/build/CMakeFiles/CMakeTmp'
Makefile:127: recipe for target 'cmTC_ccb87/fast' failed
make: *** [cmTC_ccb87/fast] Error 2



